<?xml version="1.0" encoding="UTF-8"?>
<!-- Generated by org.testng.reporters.JUnitReportReporter -->
<testsuite hostname="PRASAD" failures="0" tests="1" name="stepDefination.TestRun" time="53.786" errors="0" timestamp="2021-12-26T19:31:07 IST" skipped="0">
  <testcase classname="stepDefination.TestRun" name="feature" time="53.786"/>
  <system-out/>
</testsuite> <!-- stepDefination.TestRun -->
