<?xml version="1.0" encoding="UTF-8"?>
<!-- Generated by org.testng.reporters.JUnitReportReporter -->
<testsuite hostname="PRASAD" failures="0" tests="1" name="stepDefination.TestRun" time="22.551" errors="0" timestamp="2021-12-26T21:01:37 IST" skipped="0">
  <testcase classname="stepDefination.TestRun" name="feature" time="22.551"/>
  <system-out/>
</testsuite> <!-- stepDefination.TestRun -->
